-------------------------------------------------------------------------------
Test set: com.st.myapp.AppNGTest
-------------------------------------------------------------------------------
Tests run: 1, Failures: 1, Errors: 0, Skipped: 0, Time elapsed: 1.114 sec <<< FAILURE!
testMain(com.st.myapp.AppNGTest)  Time elapsed: 0.022 sec  <<< FAILURE!
java.lang.AssertionError: The test case is a prototype.
	at org.testng.Assert.fail(Assert.java:94)
	at com.st.myapp.AppNGTest.testMain(AppNGTest.java:48)
